<?xml version="1.0" encoding="UTF-8"?>
<!-- Generated by org.testng.reporters.JUnitXMLReporter -->
<testsuite hostname="ATMECSINLT-404" ignored="0" name="ChromeTest" tests="8" failures="0" timestamp="2020-10-12T19:32:43 IST" time="72.646" errors="0">
  <testcase name="blazeSignUp" time="1.106" classname="com.atmecs.blazedemo.SignUpTest"/>
  <testcase name="blazeSignUp" time="0.909" classname="com.atmecs.blazedemo.SignUpTest"/>
  <testcase name="blazeSignUp" time="0.718" classname="com.atmecs.blazedemo.SignUpTest"/>
  <testcase name="blazeLogin" time="0.883" classname="com.atmecs.blazedemo.LoginTest"/>
  <testcase name="blazeLogin" time="1.057" classname="com.atmecs.blazedemo.LoginTest"/>
  <testcase name="blazeLogin" time="0.879" classname="com.atmecs.blazedemo.LoginTest"/>
  <testcase name="contactus" time="1.354" classname="com.atmecs.blazedemo.ContactTest"/>
  <testcase name="contactus" time="0.958" classname="com.atmecs.blazedemo.ContactTest"/>
</testsuite> <!-- ChromeTest -->
