<?xml version="1.0" encoding="UTF-8"?>
<!-- Generated by org.testng.reporters.JUnitXMLReporter -->
<testsuite hostname="ATMECSINLT-404" ignored="0" name="Test" tests="1" failures="1" timestamp="2020-10-20T12:13:52 IST" time="0.985" errors="0">
  <testcase name="contactus" time="0.933" classname="com.atmecs.blazedemo.ContactTest">
    <failure type="org.testng.internal.reflect.MethodMatcherException" message="
[public void com.atmecs.blazedemo.ContactTest.contactus(java.lang.String,java.lang.String,java.lang.String) throws java.io.FileNotFoundException,java.io.IOException] has no parameters defined but was found to be using a data provider (either explicitly specified or inherited from class level annotation).
Data provider mismatch
Method: contactus([Parameter{index=0, type=java.lang.String, declaredAnnotations=[]}, Parameter{index=1, type=java.lang.String, declaredAnnotations=[]}, Parameter{index=2, type=java.lang.String, declaredAnnotations=[]}])
Arguments: [(java.lang.String) abc@gmail.com,(java.lang.String) Admin123]">
      <![CDATA[org.testng.internal.reflect.MethodMatcherException: 
[public void com.atmecs.blazedemo.ContactTest.contactus(java.lang.String,java.lang.String,java.lang.String) throws java.io.FileNotFoundException,java.io.IOException] has no parameters defined but was found to be using a data provider (either explicitly specified or inherited from class level annotation).
Data provider mismatch
Method: contactus([Parameter{index=0, type=java.lang.String, declaredAnnotations=[]}, Parameter{index=1, type=java.lang.String, declaredAnnotations=[]}, Parameter{index=2, type=java.lang.String, declaredAnnotations=[]}])
Arguments: [(java.lang.String) abc@gmail.com,(java.lang.String) Admin123]
at java.util.ArrayList.forEach(Unknown Source)
... Removed 22 stack frames]]>
    </failure>
  </testcase> <!-- contactus -->
</testsuite> <!-- Test -->
